<?xml version="1.0" encoding="UTF-8"?>
<!-- Generated by org.testng.reporters.JUnitXMLReporter -->
<testsuite ignored="0" hostname="LAPTOP-G4FQ34GB" failures="4" tests="4" name="SpecificBrowserTest" time="59.289" errors="0" timestamp="2025-10-10T21:24:03 IST">
  <testcase classname="testCases.TC003_VarifyLoginDDT_Test" name="varifyLogin" time="12.546">
    <failure type="java.lang.AssertionError" message="null">
      <![CDATA[java.lang.AssertionError: null
at testCases.TC003_VarifyLoginDDT_Test.varifyLogin(TC003_VarifyLoginDDT_Test.java:64)
at java.base/java.util.ArrayList.forEach(ArrayList.java:1596)
... Removed 27 stack frames]]>
    </failure>
  </testcase> <!-- varifyLogin -->
  <testcase classname="testCases.TC003_VarifyLoginDDT_Test" name="varifyLogin" time="0.012">
    <failure type="java.lang.AssertionError" message="null">
      <![CDATA[java.lang.AssertionError: null
at testCases.TC003_VarifyLoginDDT_Test.varifyLogin(TC003_VarifyLoginDDT_Test.java:64)
at java.base/java.util.ArrayList.forEach(ArrayList.java:1596)
... Removed 27 stack frames]]>
    </failure>
  </testcase> <!-- varifyLogin -->
  <testcase classname="testCases.TC003_VarifyLoginDDT_Test" name="varifyLogin" time="0.016">
    <failure type="java.lang.AssertionError" message="null">
      <![CDATA[java.lang.AssertionError: null
at testCases.TC003_VarifyLoginDDT_Test.varifyLogin(TC003_VarifyLoginDDT_Test.java:64)
at java.base/java.util.ArrayList.forEach(ArrayList.java:1596)
... Removed 27 stack frames]]>
    </failure>
  </testcase> <!-- varifyLogin -->
  <testcase classname="testCases.TC003_VarifyLoginDDT_Test" name="varifyLogin" time="0.049">
    <failure type="java.lang.AssertionError" message="null">
      <![CDATA[java.lang.AssertionError: null
at testCases.TC003_VarifyLoginDDT_Test.varifyLogin(TC003_VarifyLoginDDT_Test.java:64)
at java.base/java.util.ArrayList.forEach(ArrayList.java:1596)
... Removed 27 stack frames]]>
    </failure>
  </testcase> <!-- varifyLogin -->
</testsuite> <!-- SpecificBrowserTest -->
