<?xml version="1.0" encoding="UTF-8"?>
<testng-results ignored="0" total="3" passed="2" failed="0" skipped="1">
  <reporter-output>
  </reporter-output>
  <suite started-at="2025-10-19T16:37:25 IST" name="Suite" finished-at="2025-10-19T16:40:26 IST" duration-ms="180597">
    <groups>
      <group name="Master">
        <method signature="TC001_Account_RegisterationTest.varify_Account_registration()[pri:0, instance:testCases.TC001_Account_RegisterationTest@1a6c1270]" name="varify_Account_registration" class="testCases.TC001_Account_RegisterationTest"/>
        <method signature="TC001_Account_RegisterationTest.varify_Account_registration()[pri:0, instance:testCases.TC001_Account_RegisterationTest@517566b]" name="varify_Account_registration" class="testCases.TC001_Account_RegisterationTest"/>
        <method signature="TC001_Account_RegisterationTest.varify_Account_registration()[pri:0, instance:testCases.TC001_Account_RegisterationTest@530712d]" name="varify_Account_registration" class="testCases.TC001_Account_RegisterationTest"/>
      </group> <!-- Master -->
      <group name="Sanity">
        <method signature="TC001_Account_RegisterationTest.varify_Account_registration()[pri:0, instance:testCases.TC001_Account_RegisterationTest@1a6c1270]" name="varify_Account_registration" class="testCases.TC001_Account_RegisterationTest"/>
        <method signature="TC001_Account_RegisterationTest.varify_Account_registration()[pri:0, instance:testCases.TC001_Account_RegisterationTest@517566b]" name="varify_Account_registration" class="testCases.TC001_Account_RegisterationTest"/>
        <method signature="TC001_Account_RegisterationTest.varify_Account_registration()[pri:0, instance:testCases.TC001_Account_RegisterationTest@530712d]" name="varify_Account_registration" class="testCases.TC001_Account_RegisterationTest"/>
      </group> <!-- Sanity -->
      <group name="Regression">
        <method signature="TC001_Account_RegisterationTest.varify_Account_registration()[pri:0, instance:testCases.TC001_Account_RegisterationTest@1a6c1270]" name="varify_Account_registration" class="testCases.TC001_Account_RegisterationTest"/>
        <method signature="TC001_Account_RegisterationTest.varify_Account_registration()[pri:0, instance:testCases.TC001_Account_RegisterationTest@517566b]" name="varify_Account_registration" class="testCases.TC001_Account_RegisterationTest"/>
        <method signature="TC001_Account_RegisterationTest.varify_Account_registration()[pri:0, instance:testCases.TC001_Account_RegisterationTest@530712d]" name="varify_Account_registration" class="testCases.TC001_Account_RegisterationTest"/>
      </group> <!-- Regression -->
    </groups>
    <test started-at="2025-10-19T16:37:25 IST" name="ChromeTest" finished-at="2025-10-19T16:37:36 IST" duration-ms="10711">
      <class name="testCases.TC001_Account_RegisterationTest">
        <test-method is-config="true" signature="setup(java.lang.String,java.lang.String)[pri:0, instance:testCases.TC001_Account_RegisterationTest@1a6c1270]" started-at="2025-10-19T16:37:26 IST" name="setup" finished-at="2025-10-19T16:37:30 IST" duration-ms="4648" status="PASS">
          <params>
            <param index="0">
              <value>
                <![CDATA[linux]]>
              </value>
            </param>
            <param index="1">
              <value>
                <![CDATA[Chrome]]>
              </value>
            </param>
          </params>
          <reporter-output>
          </reporter-output>
        </test-method> <!-- setup -->
        <test-method signature="varify_Account_registration()[pri:0, instance:testCases.TC001_Account_RegisterationTest@1a6c1270]" started-at="2025-10-19T16:37:30 IST" name="varify_Account_registration" finished-at="2025-10-19T16:37:36 IST" duration-ms="5721" status="PASS">
          <reporter-output>
          </reporter-output>
        </test-method> <!-- varify_Account_registration -->
        <test-method is-config="true" signature="teardown()[pri:0, instance:testCases.TC001_Account_RegisterationTest@1a6c1270]" started-at="2025-10-19T16:37:36 IST" name="teardown" finished-at="2025-10-19T16:37:36 IST" duration-ms="280" status="PASS">
          <reporter-output>
          </reporter-output>
        </test-method> <!-- teardown -->
      </class> <!-- testCases.TC001_Account_RegisterationTest -->
    </test> <!-- ChromeTest -->
    <test started-at="2025-10-19T16:37:25 IST" name="FirefoxTest" finished-at="2025-10-19T16:37:39 IST" duration-ms="13888">
      <class name="testCases.TC001_Account_RegisterationTest">
        <test-method is-config="true" signature="setup(java.lang.String,java.lang.String)[pri:0, instance:testCases.TC001_Account_RegisterationTest@530712d]" started-at="2025-10-19T16:37:26 IST" name="setup" finished-at="2025-10-19T16:37:34 IST" duration-ms="8510" status="PASS">
          <params>
            <param index="0">
              <value>
                <![CDATA[Linux]]>
              </value>
            </param>
            <param index="1">
              <value>
                <![CDATA[Firefox]]>
              </value>
            </param>
          </params>
          <reporter-output>
          </reporter-output>
        </test-method> <!-- setup -->
        <test-method signature="varify_Account_registration()[pri:0, instance:testCases.TC001_Account_RegisterationTest@530712d]" started-at="2025-10-19T16:37:34 IST" name="varify_Account_registration" finished-at="2025-10-19T16:37:38 IST" duration-ms="4127" status="PASS">
          <reporter-output>
          </reporter-output>
        </test-method> <!-- varify_Account_registration -->
        <test-method is-config="true" signature="teardown()[pri:0, instance:testCases.TC001_Account_RegisterationTest@530712d]" started-at="2025-10-19T16:37:38 IST" name="teardown" finished-at="2025-10-19T16:37:39 IST" duration-ms="1214" status="PASS">
          <reporter-output>
          </reporter-output>
        </test-method> <!-- teardown -->
      </class> <!-- testCases.TC001_Account_RegisterationTest -->
    </test> <!-- FirefoxTest -->
    <test started-at="2025-10-19T16:37:25 IST" name="EdgeTest" finished-at="2025-10-19T16:40:26 IST" duration-ms="180597">
      <class name="testCases.TC001_Account_RegisterationTest">
        <test-method is-config="true" signature="setup(java.lang.String,java.lang.String)[pri:0, instance:testCases.TC001_Account_RegisterationTest@517566b]" started-at="2025-10-19T16:37:26 IST" name="setup" finished-at="2025-10-19T16:40:26 IST" duration-ms="180525" status="FAIL">
          <params>
            <param index="0">
              <value>
                <![CDATA[Windows]]>
              </value>
            </param>
            <param index="1">
              <value>
                <![CDATA[Edge]]>
              </value>
            </param>
          </params>
          <exception class="org.openqa.selenium.SessionNotCreatedException">
            <message>
              <![CDATA[Could not start a new session. Possible causes are invalid address of the remote server or browser start-up failure. 
Host info: host: 'LAPTOP-G4FQ34GB', ip: '192.168.43.7']]>
            </message>
            <full-stacktrace>
              <![CDATA[org.openqa.selenium.SessionNotCreatedException: Could not start a new session. Possible causes are invalid address of the remote server or browser start-up failure. 
Host info: host: 'LAPTOP-G4FQ34GB', ip: '192.168.43.7'
at org.openqa.selenium.remote.RemoteWebDriver.execute(RemoteWebDriver.java:575)
at org.openqa.selenium.remote.RemoteWebDriver.startSession(RemoteWebDriver.java:246)
at org.openqa.selenium.remote.RemoteWebDriver.<init>(RemoteWebDriver.java:174)
at org.openqa.selenium.remote.RemoteWebDriver.<init>(RemoteWebDriver.java:152)
at TestBase.BaseClass.setup(BaseClass.java:70)
at java.base/jdk.internal.reflect.DirectMethodHandleAccessor.invoke(DirectMethodHandleAccessor.java:103)
at java.base/java.lang.reflect.Method.invoke(Method.java:580)
at org.testng.internal.invokers.MethodInvocationHelper.invokeMethod(MethodInvocationHelper.java:141)
at org.testng.internal.invokers.MethodInvocationHelper.invokeMethodConsideringTimeout(MethodInvocationHelper.java:71)
at org.testng.internal.invokers.ConfigInvoker.invokeConfigurationMethod(ConfigInvoker.java:400)
at org.testng.internal.invokers.ConfigInvoker.invokeConfigurations(ConfigInvoker.java:333)
at org.testng.internal.invokers.TestMethodWorker.invokeBeforeClassMethods(TestMethodWorker.java:188)
at org.testng.internal.invokers.TestMethodWorker.run(TestMethodWorker.java:128)
at java.base/java.util.ArrayList.forEach(ArrayList.java:1596)
at org.testng.TestRunner.privateRun(TestRunner.java:741)
at org.testng.TestRunner.run(TestRunner.java:616)
at org.testng.SuiteRunner.runTest(SuiteRunner.java:421)
at org.testng.SuiteRunner$SuiteWorker.run(SuiteRunner.java:463)
at org.testng.internal.thread.ThreadUtil.lambda$execute$0(ThreadUtil.java:64)
at java.base/java.util.concurrent.FutureTask.run(FutureTask.java:317)
at java.base/java.util.concurrent.ThreadPoolExecutor.runWorker(ThreadPoolExecutor.java:1144)
at java.base/java.util.concurrent.ThreadPoolExecutor$Worker.run(ThreadPoolExecutor.java:642)
at java.base/java.lang.Thread.run(Thread.java:1583)
Caused by: org.openqa.selenium.TimeoutException: java.util.concurrent.TimeoutException
Build info: version: '4.35.0', revision: '1c58e5028b'
System info: os.name: 'Windows 11', os.arch: 'amd64', os.version: '10.0', java.version: '21.0.7'
Driver info: driver.version: RemoteWebDriver
at org.openqa.selenium.remote.http.jdk.JdkHttpClient.execute(JdkHttpClient.java:427)
at org.openqa.selenium.remote.tracing.TracedHttpClient.execute(TracedHttpClient.java:54)
at org.openqa.selenium.remote.ProtocolHandshake.createSession(ProtocolHandshake.java:89)
at org.openqa.selenium.remote.ProtocolHandshake.createSession(ProtocolHandshake.java:75)
at org.openqa.selenium.remote.ProtocolHandshake.createSession(ProtocolHandshake.java:61)
at org.openqa.selenium.remote.HttpCommandExecutor.execute(HttpCommandExecutor.java:187)
at org.openqa.selenium.remote.TracedCommandExecutor.execute(TracedCommandExecutor.java:53)
at org.openqa.selenium.remote.RemoteWebDriver.execute(RemoteWebDriver.java:557)
... 22 more
Caused by: java.util.concurrent.TimeoutException
at java.base/java.util.concurrent.CompletableFuture$Timeout.run(CompletableFuture.java:2920)
at java.base/java.util.concurrent.Executors$RunnableAdapter.call(Executors.java:572)
at java.base/java.util.concurrent.FutureTask.run(FutureTask.java:317)
at java.base/java.util.concurrent.ScheduledThreadPoolExecutor$ScheduledFutureTask.run(ScheduledThreadPoolExecutor.java:304)
... 3 more
]]>
            </full-stacktrace>
          </exception> <!-- org.openqa.selenium.SessionNotCreatedException -->
          <reporter-output>
          </reporter-output>
        </test-method> <!-- setup -->
        <test-method signature="varify_Account_registration()[pri:0, instance:testCases.TC001_Account_RegisterationTest@517566b]" started-at="2025-10-19T16:40:26 IST" name="varify_Account_registration" finished-at="2025-10-19T16:40:26 IST" duration-ms="0" status="SKIP">
          <exception class="org.openqa.selenium.SessionNotCreatedException">
            <message>
              <![CDATA[Could not start a new session. Possible causes are invalid address of the remote server or browser start-up failure. 
Host info: host: 'LAPTOP-G4FQ34GB', ip: '192.168.43.7']]>
            </message>
            <full-stacktrace>
              <![CDATA[org.openqa.selenium.SessionNotCreatedException: Could not start a new session. Possible causes are invalid address of the remote server or browser start-up failure. 
Host info: host: 'LAPTOP-G4FQ34GB', ip: '192.168.43.7'
at org.openqa.selenium.remote.RemoteWebDriver.execute(RemoteWebDriver.java:575)
at org.openqa.selenium.remote.RemoteWebDriver.startSession(RemoteWebDriver.java:246)
at org.openqa.selenium.remote.RemoteWebDriver.<init>(RemoteWebDriver.java:174)
at org.openqa.selenium.remote.RemoteWebDriver.<init>(RemoteWebDriver.java:152)
at TestBase.BaseClass.setup(BaseClass.java:70)
at java.base/jdk.internal.reflect.DirectMethodHandleAccessor.invoke(DirectMethodHandleAccessor.java:103)
at java.base/java.lang.reflect.Method.invoke(Method.java:580)
at org.testng.internal.invokers.MethodInvocationHelper.invokeMethod(MethodInvocationHelper.java:141)
at org.testng.internal.invokers.MethodInvocationHelper.invokeMethodConsideringTimeout(MethodInvocationHelper.java:71)
at org.testng.internal.invokers.ConfigInvoker.invokeConfigurationMethod(ConfigInvoker.java:400)
at org.testng.internal.invokers.ConfigInvoker.invokeConfigurations(ConfigInvoker.java:333)
at org.testng.internal.invokers.TestMethodWorker.invokeBeforeClassMethods(TestMethodWorker.java:188)
at org.testng.internal.invokers.TestMethodWorker.run(TestMethodWorker.java:128)
at java.base/java.util.ArrayList.forEach(ArrayList.java:1596)
at org.testng.TestRunner.privateRun(TestRunner.java:741)
at org.testng.TestRunner.run(TestRunner.java:616)
at org.testng.SuiteRunner.runTest(SuiteRunner.java:421)
at org.testng.SuiteRunner$SuiteWorker.run(SuiteRunner.java:463)
at org.testng.internal.thread.ThreadUtil.lambda$execute$0(ThreadUtil.java:64)
at java.base/java.util.concurrent.FutureTask.run(FutureTask.java:317)
at java.base/java.util.concurrent.ThreadPoolExecutor.runWorker(ThreadPoolExecutor.java:1144)
at java.base/java.util.concurrent.ThreadPoolExecutor$Worker.run(ThreadPoolExecutor.java:642)
at java.base/java.lang.Thread.run(Thread.java:1583)
Caused by: org.openqa.selenium.TimeoutException: java.util.concurrent.TimeoutException
Build info: version: '4.35.0', revision: '1c58e5028b'
System info: os.name: 'Windows 11', os.arch: 'amd64', os.version: '10.0', java.version: '21.0.7'
Driver info: driver.version: RemoteWebDriver
at org.openqa.selenium.remote.http.jdk.JdkHttpClient.execute(JdkHttpClient.java:427)
at org.openqa.selenium.remote.tracing.TracedHttpClient.execute(TracedHttpClient.java:54)
at org.openqa.selenium.remote.ProtocolHandshake.createSession(ProtocolHandshake.java:89)
at org.openqa.selenium.remote.ProtocolHandshake.createSession(ProtocolHandshake.java:75)
at org.openqa.selenium.remote.ProtocolHandshake.createSession(ProtocolHandshake.java:61)
at org.openqa.selenium.remote.HttpCommandExecutor.execute(HttpCommandExecutor.java:187)
at org.openqa.selenium.remote.TracedCommandExecutor.execute(TracedCommandExecutor.java:53)
at org.openqa.selenium.remote.RemoteWebDriver.execute(RemoteWebDriver.java:557)
... 22 more
Caused by: java.util.concurrent.TimeoutException
at java.base/java.util.concurrent.CompletableFuture$Timeout.run(CompletableFuture.java:2920)
at java.base/java.util.concurrent.Executors$RunnableAdapter.call(Executors.java:572)
at java.base/java.util.concurrent.FutureTask.run(FutureTask.java:317)
at java.base/java.util.concurrent.ScheduledThreadPoolExecutor$ScheduledFutureTask.run(ScheduledThreadPoolExecutor.java:304)
... 3 more
]]>
            </full-stacktrace>
          </exception> <!-- org.openqa.selenium.SessionNotCreatedException -->
          <reporter-output>
          </reporter-output>
        </test-method> <!-- varify_Account_registration -->
        <test-method is-config="true" signature="teardown()[pri:0, instance:testCases.TC001_Account_RegisterationTest@517566b]" started-at="2025-10-19T16:40:26 IST" name="teardown" finished-at="2025-10-19T16:40:26 IST" duration-ms="0" status="SKIP">
          <reporter-output>
          </reporter-output>
        </test-method> <!-- teardown -->
      </class> <!-- testCases.TC001_Account_RegisterationTest -->
    </test> <!-- EdgeTest -->
  </suite> <!-- Suite -->
</testng-results>
